<?xml version="1.0" encoding="UTF-8"?>
<!-- Generated by org.testng.reporters.JUnitXMLReporter -->
<testsuite hostname="DESKTOP-4689JDQ" ignored="0" name="ALLTest" tests="10" failures="0" timestamp="18 Feb 2019 18:36:51 GMT" time="0.088" errors="0">
  <testcase name="regressiontest" time="0.016" classname="testngprog.regression"/>
  <testcase name="firstclassinfisrtpack" time="0.002" classname="com.first.packag.firstclassinfisrtpack"/>
  <testcase name="firstclassinsecondpack" time="0.002" classname="com.second.packag.firstclassinsecondpack"/>
  <testcase name="firstclassinthirdpack" time="0.001" classname="com.third.packag.firstclassinthirdpack"/>
  <testcase name="smoketest" time="0.002" classname="testngprog.smoke"/>
  <testcase name="secondclassinfirstpack" time="0.002" classname="com.first.packag.secondclassinfirstpack"/>
  <testcase name="secondclassinsecondpack" time="0.004" classname="com.second.packag.secondclassinsecondpack"/>
  <testcase name="secondclassinthirdpack" time="0.002" classname="com.third.packag.secondclassinthirdpack"/>
  <testcase name="test1" time="0.002" classname="testngprog.understandingtestngxmlfile"/>
  <testcase name="test" time="0.004" classname="testngprog.understandingtetestngxml2"/>
</testsuite> <!-- ALLTest -->
