<?xml version="1.0" encoding="UTF-8"?>
<!-- Generated by org.testng.reporters.JUnitXMLReporter -->
<testsuite hostname="DESKTOP-4689JDQ" ignored="1" name="Test" tests="1" failures="0" timestamp="18 Feb 2019 18:55:17 GMT" time="0.038" errors="0">
  <testcase name="secondclasssefirstpack" time="0.015" classname="com.first.packag.firstclassinfisrtpack"/>
  <testcase name="firstclassinfisrtpack" time="0.0" classname="com.first.packag.firstclassinfisrtpack">
    <ignored/>
  </testcase> <!-- firstclassinfisrtpack -->
</testsuite> <!-- Test -->
